app/build/intermediates/manifest_merge_blame_file/debug/manifest-merger-blame-debug-report.txt
1<?xml version="1.0" encoding="utf-8"?>
2<manifest xmlns:android="http://schemas.android.com/apk/res/android"
3    package="com.example.union_user"
4    android:versionCode="1"
5    android:versionName="1.0" >
6
7    <uses-sdk
8        android:minSdkVersion="16"
8-->src\main\AndroidManifest.xml
9        android:targetSdkVersion="30" />
9-->src\main\AndroidManifest.xml
10
11    <application
11-->src\main\AndroidManifest.xml:5:5-75:19
12        android:allowBackup="true"
12-->src\main\AndroidManifest.xml:6:9-35
13        android:appComponentFactory="androidx.core.app.CoreComponentFactory"
13-->[androidx.core:core:1.3.2] AndroidManifest.xml:24:18-86
14        android:debuggable="true"
15        android:hardwareAccelerated="false"
15-->src\main\AndroidManifest.xml:13:9-44
16        android:icon="@mipmap/ic_launcher"
16-->src\main\AndroidManifest.xml:7:9-43
17        android:label="@string/app_name"
17-->src\main\AndroidManifest.xml:8:9-41
18        android:largeHeap="true"
18-->src\main\AndroidManifest.xml:12:9-33
19        android:roundIcon="@mipmap/ic_launcher_round"
19-->src\main\AndroidManifest.xml:9:9-54
20        android:supportsRtl="true"
20-->src\main\AndroidManifest.xml:10:9-35
21        android:testOnly="true"
22        android:theme="@style/AppTheme" >
22-->src\main\AndroidManifest.xml:11:9-40
23        <activity android:name="com.example.union_user.IdeActivity" />
23-->src\main\AndroidManifest.xml:14:9-58
23-->src\main\AndroidManifest.xml:14:19-46
24        <activity
24-->src\main\AndroidManifest.xml:15:9-16:57
25            android:name="com.example.union_user.RincianVendor"
25-->src\main\AndroidManifest.xml:15:19-48
26            android:parentActivityName="com.example.union_user.layoutvendor" />
26-->src\main\AndroidManifest.xml:16:13-55
27        <activity
27-->src\main\AndroidManifest.xml:17:9-18:60
28            android:name="com.example.union_user.MetodePembayaran"
28-->src\main\AndroidManifest.xml:17:19-51
29            android:parentActivityName="com.example.union_user.PesananActivity" />
29-->src\main\AndroidManifest.xml:18:13-58
30        <activity
30-->src\main\AndroidManifest.xml:19:9-20:55
31            android:name="com.example.union_user.PesananActivity"
31-->src\main\AndroidManifest.xml:19:19-50
32            android:parentActivityName="com.example.union_user.layouthome" />
32-->src\main\AndroidManifest.xml:20:13-53
33        <activity
33-->src\main\AndroidManifest.xml:21:9-22:55
34            android:name="com.example.union_user.NotificationActivity"
34-->src\main\AndroidManifest.xml:21:19-55
35            android:parentActivityName="com.example.union_user.layouthome" />
35-->src\main\AndroidManifest.xml:22:13-53
36        <activity
36-->src\main\AndroidManifest.xml:23:9-24:55
37            android:name="com.example.union_user.SearchActivity"
37-->src\main\AndroidManifest.xml:23:19-49
38            android:parentActivityName="com.example.union_user.layouthome" />
38-->src\main\AndroidManifest.xml:24:13-53
39        <activity
39-->src\main\AndroidManifest.xml:25:9-26:55
40            android:name="com.example.union_user.TamuUndangan"
40-->src\main\AndroidManifest.xml:25:19-47
41            android:parentActivityName="com.example.union_user.layouthome" />
41-->src\main\AndroidManifest.xml:26:13-53
42        <activity
42-->src\main\AndroidManifest.xml:27:9-28:57
43            android:name="com.example.union_user.halamanvendor"
43-->src\main\AndroidManifest.xml:27:19-48
44            android:parentActivityName="com.example.union_user.layoutvendor" />
44-->src\main\AndroidManifest.xml:28:13-55
45        <activity android:name="com.example.union_user.layoutvendor" />
45-->src\main\AndroidManifest.xml:29:9-50
45-->src\main\AndroidManifest.xml:29:19-47
46        <activity android:name="com.example.union_user.layouttoko" />
46-->src\main\AndroidManifest.xml:30:9-48
46-->src\main\AndroidManifest.xml:30:19-45
47        <activity
47-->src\main\AndroidManifest.xml:31:9-32:55
48            android:name="com.example.union_user.layoutpengaturan"
48-->src\main\AndroidManifest.xml:31:19-51
49            android:parentActivityName="com.example.union_user.layoutakun" />
49-->src\main\AndroidManifest.xml:32:13-53
50        <activity
50-->src\main\AndroidManifest.xml:33:9-36:56
51            android:name="com.example.union_user.layoutlupapassword"
51-->src\main\AndroidManifest.xml:34:13-47
52            android:label="LUPA PASSWORD"
52-->src\main\AndroidManifest.xml:35:13-42
53            android:parentActivityName="com.example.union_user.firstlogin" />
53-->src\main\AndroidManifest.xml:36:13-53
54        <activity
54-->src\main\AndroidManifest.xml:37:9-40:56
55            android:name="com.example.union_user.layoutlogin"
55-->src\main\AndroidManifest.xml:38:13-40
56            android:label="LOGIN"
56-->src\main\AndroidManifest.xml:39:13-34
57            android:parentActivityName="com.example.union_user.firstlogin" />
57-->src\main\AndroidManifest.xml:40:13-53
58        <activity android:name="com.example.union_user.layouthome" />
58-->src\main\AndroidManifest.xml:41:9-48
58-->src\main\AndroidManifest.xml:41:19-45
59        <activity android:name="com.example.union_user.layoutdaftar" />
59-->src\main\AndroidManifest.xml:42:9-50
59-->src\main\AndroidManifest.xml:42:19-47
60        <activity android:name="com.example.union_user.layoutakun" />
60-->src\main\AndroidManifest.xml:43:9-48
60-->src\main\AndroidManifest.xml:43:19-45
61        <activity
61-->src\main\AndroidManifest.xml:44:9-47:56
62            android:name="com.example.union_user.firsthomelogin05"
62-->src\main\AndroidManifest.xml:45:13-45
63            android:label="DATA DASAR"
63-->src\main\AndroidManifest.xml:46:13-39
64            android:parentActivityName="com.example.union_user.layouthome" />
64-->src\main\AndroidManifest.xml:47:13-53
65        <activity
65-->src\main\AndroidManifest.xml:48:9-50:56
66            android:name="com.example.union_user.firsthomelogin04"
66-->src\main\AndroidManifest.xml:48:19-51
67            android:label="DATA DASAR"
67-->src\main\AndroidManifest.xml:49:13-39
68            android:parentActivityName="com.example.union_user.layouthome" />
68-->src\main\AndroidManifest.xml:50:13-53
69        <activity
69-->src\main\AndroidManifest.xml:51:9-54:56
70            android:name="com.example.union_user.firsthomelogin03"
70-->src\main\AndroidManifest.xml:52:13-45
71            android:label="DATA DASAR"
71-->src\main\AndroidManifest.xml:53:13-39
72            android:parentActivityName="com.example.union_user.layouthome" />
72-->src\main\AndroidManifest.xml:54:13-53
73        <activity
73-->src\main\AndroidManifest.xml:55:9-58:56
74            android:name="com.example.union_user.firsthomelogin02"
74-->src\main\AndroidManifest.xml:56:13-45
75            android:label="DATA DASAR"
75-->src\main\AndroidManifest.xml:57:13-39
76            android:parentActivityName="com.example.union_user.layouthome" />
76-->src\main\AndroidManifest.xml:58:13-53
77        <activity
77-->src\main\AndroidManifest.xml:59:9-62:56
78            android:name="com.example.union_user.firstloginhome01"
78-->src\main\AndroidManifest.xml:60:13-45
79            android:label="DATA DASAR"
79-->src\main\AndroidManifest.xml:61:13-39
80            android:parentActivityName="com.example.union_user.layouthome" />
80-->src\main\AndroidManifest.xml:62:13-53
81        <activity
81-->src\main\AndroidManifest.xml:63:9-66:56
82            android:name="com.example.union_user.firstloginhome"
82-->src\main\AndroidManifest.xml:64:13-43
83            android:label="DATA DASAR"
83-->src\main\AndroidManifest.xml:65:13-39
84            android:parentActivityName="com.example.union_user.layouthome" />
84-->src\main\AndroidManifest.xml:66:13-53
85        <activity
85-->src\main\AndroidManifest.xml:67:9-74:20
86            android:name="com.example.union_user.firstlogin"
86-->src\main\AndroidManifest.xml:67:19-45
87            android:theme="@style/noAction" >
87-->src\main\AndroidManifest.xml:68:13-44
88            <intent-filter>
88-->src\main\AndroidManifest.xml:69:13-73:29
89                <action android:name="android.intent.action.MAIN" />
89-->src\main\AndroidManifest.xml:70:17-69
89-->src\main\AndroidManifest.xml:70:25-66
90
91                <category android:name="android.intent.category.LAUNCHER" />
91-->src\main\AndroidManifest.xml:72:17-77
91-->src\main\AndroidManifest.xml:72:27-74
92            </intent-filter>
93        </activity>
94
95        <provider
95-->[com.squareup.picasso:picasso:2.71828] AndroidManifest.xml:8:9-11:40
96            android:name="com.squareup.picasso.PicassoProvider"
96-->[com.squareup.picasso:picasso:2.71828] AndroidManifest.xml:9:13-64
97            android:authorities="com.example.union_user.com.squareup.picasso"
97-->[com.squareup.picasso:picasso:2.71828] AndroidManifest.xml:10:13-72
98            android:exported="false" />
98-->[com.squareup.picasso:picasso:2.71828] AndroidManifest.xml:11:13-37
99    </application>
100
101</manifest>